Performing C SOURCE FILE Test CMAKE_HAVE_LIBC_PTHREAD failed with the following output:
Change Dir: /home/rrosmaninho/playground/vanetza/CMakeFiles/CMakeTmp

Run Build Command(s):/usr/bin/make -f Makefile cmTC_46d15/fast && /usr/bin/make  -f CMakeFiles/cmTC_46d15.dir/build.make CMakeFiles/cmTC_46d15.dir/build
make[1]: Entering directory '/home/rrosmaninho/playground/vanetza/CMakeFiles/CMakeTmp'
Building C object CMakeFiles/cmTC_46d15.dir/src.c.o
/usr/bin/cc -DCMAKE_HAVE_LIBC_PTHREAD   -o CMakeFiles/cmTC_46d15.dir/src.c.o -c /home/rrosmaninho/playground/vanetza/CMakeFiles/CMakeTmp/src.c
Linking C executable cmTC_46d15
/snap/cmake/936/bin/cmake -E cmake_link_script CMakeFiles/cmTC_46d15.dir/link.txt --verbose=1
/usr/bin/cc -rdynamic CMakeFiles/cmTC_46d15.dir/src.c.o -o cmTC_46d15 
/usr/bin/ld: CMakeFiles/cmTC_46d15.dir/src.c.o: in function `main':
src.c:(.text+0x46): undefined reference to `pthread_create'
/usr/bin/ld: src.c:(.text+0x52): undefined reference to `pthread_detach'
/usr/bin/ld: src.c:(.text+0x5e): undefined reference to `pthread_cancel'
/usr/bin/ld: src.c:(.text+0x6f): undefined reference to `pthread_join'
collect2: error: ld returned 1 exit status
make[1]: *** [CMakeFiles/cmTC_46d15.dir/build.make:99: cmTC_46d15] Error 1
make[1]: Leaving directory '/home/rrosmaninho/playground/vanetza/CMakeFiles/CMakeTmp'
make: *** [Makefile:127: cmTC_46d15/fast] Error 2


Source file was:
#include <pthread.h>

static void* test_func(void* data)
{
  return data;
}

int main(void)
{
  pthread_t thread;
  pthread_create(&thread, NULL, test_func, NULL);
  pthread_detach(thread);
  pthread_cancel(thread);
  pthread_join(thread, NULL);
  pthread_atfork(NULL, NULL, NULL);
  pthread_exit(NULL);

  return 0;
}

Performing C SOURCE FILE Test CMAKE_HAVE_LIBC_PTHREAD failed with the following output:
Change Dir: /home/rrosmaninho/Repos/IT/vanetza/CMakeFiles/CMakeTmp

Run Build Command(s):/usr/bin/make cmTC_8a883/fast && /usr/bin/make -f CMakeFiles/cmTC_8a883.dir/build.make CMakeFiles/cmTC_8a883.dir/build
make[1]: Entering directory '/home/rrosmaninho/Repos/IT/vanetza/CMakeFiles/CMakeTmp'
Building C object CMakeFiles/cmTC_8a883.dir/src.c.o
/usr/bin/cc   -DCMAKE_HAVE_LIBC_PTHREAD   -o CMakeFiles/cmTC_8a883.dir/src.c.o   -c /home/rrosmaninho/Repos/IT/vanetza/CMakeFiles/CMakeTmp/src.c
Linking C executable cmTC_8a883
/usr/bin/cmake -E cmake_link_script CMakeFiles/cmTC_8a883.dir/link.txt --verbose=1
/usr/bin/cc  -DCMAKE_HAVE_LIBC_PTHREAD    -rdynamic CMakeFiles/cmTC_8a883.dir/src.c.o  -o cmTC_8a883 
/usr/bin/ld: CMakeFiles/cmTC_8a883.dir/src.c.o: in function `main':
src.c:(.text+0x46): undefined reference to `pthread_create'
/usr/bin/ld: src.c:(.text+0x52): undefined reference to `pthread_detach'
/usr/bin/ld: src.c:(.text+0x63): undefined reference to `pthread_join'
collect2: error: ld returned 1 exit status
make[1]: *** [CMakeFiles/cmTC_8a883.dir/build.make:87: cmTC_8a883] Error 1
make[1]: Leaving directory '/home/rrosmaninho/Repos/IT/vanetza/CMakeFiles/CMakeTmp'
make: *** [Makefile:121: cmTC_8a883/fast] Error 2


Source file was:
#include <pthread.h>

void* test_func(void* data)
{
  return data;
}

int main(void)
{
  pthread_t thread;
  pthread_create(&thread, NULL, test_func, NULL);
  pthread_detach(thread);
  pthread_join(thread, NULL);
  pthread_atfork(NULL, NULL, NULL);
  pthread_exit(NULL);

  return 0;
}

